AutismAppJam-master/app/build/outputs/logs/manifest-merger-debug-report.txt
-- Merging decision tree log ---
manifest
ADDED from src/main/AndroidManifest.xml:2:1-53:12
	package
		ADDED from src/main/AndroidManifest.xml:4:5-41
		INJECTED from src/main/AndroidManifest.xml
		INJECTED from src/main/AndroidManifest.xml
	xmlns:tools
		ADDED from src/main/AndroidManifest.xml:3:5-51
	xmlns:android
		ADDED from src/main/AndroidManifest.xml:2:11-69
uses-permission#android.permission.RECORD_AUDIO
ADDED from src/main/AndroidManifest.xml:13:5-71
	android:name
		ADDED from src/main/AndroidManifest.xml:13:22-68
uses-permission#android.permission.INTERNET
ADDED from src/main/AndroidManifest.xml:14:2-64
	android:name
		ADDED from src/main/AndroidManifest.xml:14:19-61
application
ADDED from src/main/AndroidManifest.xml:16:5-51:19
REJECTED from [com.android.support:support-v4:26.0.0-alpha1] AndroidManifest.xml:29:5-20
REJECTED from [com.android.support:support-media-compat:26.0.0-alpha1] AndroidManifest.xml:29:5-20
REJECTED from [com.android.support:support-fragment:26.0.0-alpha1] AndroidManifest.xml:29:5-20
REJECTED from [com.android.support:support-core-ui:26.0.0-alpha1] AndroidManifest.xml:29:5-20
REJECTED from [com.android.support:support-core-utils:26.0.0-alpha1] AndroidManifest.xml:29:5-20
REJECTED from [com.android.support:support-compat:26.0.0-alpha1] AndroidManifest.xml:29:5-20
	tools:node
		ADDED from src/main/AndroidManifest.xml:18:9-29
	android:label
		ADDED from src/main/AndroidManifest.xml:21:9-41
	tools:overrideLibrary
		ADDED from src/main/AndroidManifest.xml:17:9-51
	android:allowBackup
		ADDED from src/main/AndroidManifest.xml:19:9-35
	android:icon
		ADDED from src/main/AndroidManifest.xml:20:9-38
	android:theme
		ADDED from src/main/AndroidManifest.xml:22:9-73
activity#com.UCIAutismAppJam.Team10.MainActivity
ADDED from src/main/AndroidManifest.xml:23:9-31:20
	android:label
		ADDED from src/main/AndroidManifest.xml:25:13-45
	android:name
		ADDED from src/main/AndroidManifest.xml:24:13-67
intent-filter#android.intent.action.MAIN+android.intent.category.LAUNCHER
ADDED from src/main/AndroidManifest.xml:26:13-30:29
action#android.intent.action.MAIN
ADDED from src/main/AndroidManifest.xml:27:17-69
	android:name
		ADDED from src/main/AndroidManifest.xml:27:25-66
category#android.intent.category.LAUNCHER
ADDED from src/main/AndroidManifest.xml:29:17-77
	android:name
		ADDED from src/main/AndroidManifest.xml:29:27-74
activity#com.UCIAutismAppJam.Team10.ReadtestActivity
ADDED from src/main/AndroidManifest.xml:32:9-36:20
	android:label
		ADDED from src/main/AndroidManifest.xml:34:13-60
	android:name
		ADDED from src/main/AndroidManifest.xml:33:13-71
activity#com.UCIAutismAppJam.Team10.WriteTestActivity
ADDED from src/main/AndroidManifest.xml:37:9-40:20
	android:label
		ADDED from src/main/AndroidManifest.xml:39:13-62
	android:name
		ADDED from src/main/AndroidManifest.xml:38:13-72
activity#com.UCIAutismAppJam.Team10.WordSentenceModeActivity
ADDED from src/main/AndroidManifest.xml:41:9-45:20
	android:label
		ADDED from src/main/AndroidManifest.xml:43:13-70
	android:theme
		ADDED from src/main/AndroidManifest.xml:44:13-77
	android:name
		ADDED from src/main/AndroidManifest.xml:42:13-79
activity#com.UCIAutismAppJam.Team10.AddModeActivity
ADDED from src/main/AndroidManifest.xml:46:9-50:20
	android:label
		ADDED from src/main/AndroidManifest.xml:48:13-60
	android:theme
		ADDED from src/main/AndroidManifest.xml:49:13-77
	android:name
		ADDED from src/main/AndroidManifest.xml:47:13-70
uses-sdk
INJECTED from src/main/AndroidManifest.xml reason: use-sdk injection requested
MERGED from [com.android.support:support-v4:26.0.0-alpha1] AndroidManifest.xml:21:5-23:54
MERGED from [com.android.support:support-media-compat:26.0.0-alpha1] AndroidManifest.xml:21:5-23:63
MERGED from [com.android.support:support-fragment:26.0.0-alpha1] AndroidManifest.xml:21:5-23:60
MERGED from [com.android.support:support-core-ui:26.0.0-alpha1] AndroidManifest.xml:21:5-23:58
MERGED from [com.android.support:support-core-utils:26.0.0-alpha1] AndroidManifest.xml:21:5-23:61
MERGED from [com.android.support:support-compat:26.0.0-alpha1] AndroidManifest.xml:21:5-23:58
	tools:overrideLibrary
		ADDED from [com.android.support:support-v4:26.0.0-alpha1] AndroidManifest.xml:23:9-51
	android:targetSdkVersion
		INJECTED from src/main/AndroidManifest.xml
		INJECTED from src/main/AndroidManifest.xml
	android:minSdkVersion
		INJECTED from src/main/AndroidManifest.xml
		INJECTED from src/main/AndroidManifest.xml
meta-data#android.support.VERSION
ADDED from [com.android.support:support-v4:26.0.0-alpha1] AndroidManifest.xml:25:5-27:41
MERGED from [com.android.support:support-media-compat:26.0.0-alpha1] AndroidManifest.xml:25:5-27:41
MERGED from [com.android.support:support-fragment:26.0.0-alpha1] AndroidManifest.xml:25:5-27:41
MERGED from [com.android.support:support-core-ui:26.0.0-alpha1] AndroidManifest.xml:25:5-27:41
MERGED from [com.android.support:support-core-utils:26.0.0-alpha1] AndroidManifest.xml:25:5-27:41
MERGED from [com.android.support:support-compat:26.0.0-alpha1] AndroidManifest.xml:25:5-27:41
	android:value
		ADDED from [com.android.support:support-v4:26.0.0-alpha1] AndroidManifest.xml:27:9-38
	android:name
		ADDED from [com.android.support:support-v4:26.0.0-alpha1] AndroidManifest.xml:26:9-47